2023-04-09 18:06:53,291 - model.pytorch.dcrnn_supervisor - INFO - Log directory: data/model/dcrnn_DR_2_h_12_64-64_lr_0.0085_bs_64_0409180653/
2023-04-09 18:07:15,409 - model.pytorch.dcrnn_supervisor - INFO - Model created
2023-04-09 18:07:17,196 - model.pytorch.dcrnn_supervisor - INFO - Loaded model at 59
2023-04-09 18:07:17,197 - model.pytorch.dcrnn_supervisor - INFO - Start training ...
2023-04-09 18:07:17,197 - model.pytorch.dcrnn_supervisor - INFO - num_batches:375
2023-04-09 18:19:23,728 - model.pytorch.dcrnn_supervisor - INFO - epoch complete
2023-04-09 18:19:23,729 - model.pytorch.dcrnn_supervisor - INFO - evaluating now!
2023-04-09 18:20:16,747 - model.pytorch.dcrnn_supervisor - INFO - Epoch [59/100] (22500) train_mae: 2.6289, val_mae: 2.8582, lr: 0.008500, 779.5s
2023-04-09 18:22:02,555 - model.pytorch.dcrnn_supervisor - INFO - Epoch [59/100] (22500) train_mae: 2.6289, test_mae: 3.0516,  lr: 0.008500, 779.5s
2023-04-09 18:22:02,567 - model.pytorch.dcrnn_supervisor - INFO - Saved model at 59
2023-04-09 18:22:02,567 - model.pytorch.dcrnn_supervisor - INFO - Val loss decrease from inf to 2.8582, saving to models/epo59.tar
2023-04-09 18:34:11,220 - model.pytorch.dcrnn_supervisor - INFO - epoch complete
2023-04-09 18:34:11,220 - model.pytorch.dcrnn_supervisor - INFO - evaluating now!
2023-04-09 18:35:04,041 - model.pytorch.dcrnn_supervisor - INFO - Epoch [60/100] (22875) train_mae: 2.6112, val_mae: 2.8627, lr: 0.008500, 781.5s
2023-04-09 18:47:14,069 - model.pytorch.dcrnn_supervisor - INFO - epoch complete
2023-04-09 18:47:14,069 - model.pytorch.dcrnn_supervisor - INFO - evaluating now!
2023-04-09 18:48:07,028 - model.pytorch.dcrnn_supervisor - INFO - Epoch [61/100] (23250) train_mae: 2.6009, val_mae: 2.8902, lr: 0.008500, 783.0s
2023-04-09 19:00:14,736 - model.pytorch.dcrnn_supervisor - INFO - epoch complete
2023-04-09 19:00:14,736 - model.pytorch.dcrnn_supervisor - INFO - evaluating now!
2023-04-09 19:01:07,663 - model.pytorch.dcrnn_supervisor - INFO - Epoch [62/100] (23625) train_mae: 2.5892, val_mae: 2.8807, lr: 0.008500, 780.6s
2023-04-09 19:13:14,435 - model.pytorch.dcrnn_supervisor - INFO - epoch complete
2023-04-09 19:13:14,435 - model.pytorch.dcrnn_supervisor - INFO - evaluating now!
2023-04-09 19:14:07,283 - model.pytorch.dcrnn_supervisor - INFO - Epoch [63/100] (24000) train_mae: 2.5897, val_mae: 2.8716, lr: 0.008500, 779.6s
