2023-04-09 01:26:05,440 - model.pytorch.dcrnn_supervisor - INFO - Log directory: data/model/dcrnn_DR_2_h_12_64-64_lr_0.005_bs_64_0409012605/
2023-04-09 01:26:27,543 - model.pytorch.dcrnn_supervisor - INFO - Model created
2023-04-09 01:26:29,339 - model.pytorch.dcrnn_supervisor - INFO - Loaded model at 44
2023-04-09 01:26:29,340 - model.pytorch.dcrnn_supervisor - INFO - Start training ...
2023-04-09 01:26:29,343 - model.pytorch.dcrnn_supervisor - INFO - num_batches:375
2023-04-09 01:38:38,322 - model.pytorch.dcrnn_supervisor - INFO - epoch complete
2023-04-09 01:38:38,322 - model.pytorch.dcrnn_supervisor - INFO - evaluating now!
2023-04-09 01:39:31,327 - model.pytorch.dcrnn_supervisor - INFO - Epoch [44/100] (16875) train_mae: 2.3243, val_mae: 2.8238, lr: 0.005000, 782.0s
2023-04-09 01:39:31,338 - model.pytorch.dcrnn_supervisor - INFO - Saved model at 44
2023-04-09 01:39:31,339 - model.pytorch.dcrnn_supervisor - INFO - Val loss decrease from inf to 2.8238, saving to models/epo44.tar
2023-04-09 01:51:41,501 - model.pytorch.dcrnn_supervisor - INFO - epoch complete
2023-04-09 01:51:41,502 - model.pytorch.dcrnn_supervisor - INFO - evaluating now!
2023-04-09 01:52:34,613 - model.pytorch.dcrnn_supervisor - INFO - Epoch [45/100] (17250) train_mae: 2.3496, val_mae: 2.8336, lr: 0.005000, 783.3s
2023-04-09 02:04:44,203 - model.pytorch.dcrnn_supervisor - INFO - epoch complete
2023-04-09 02:04:44,204 - model.pytorch.dcrnn_supervisor - INFO - evaluating now!
2023-04-09 02:05:37,373 - model.pytorch.dcrnn_supervisor - INFO - Epoch [46/100] (17625) train_mae: 2.3801, val_mae: 2.9207, lr: 0.005000, 782.8s
2023-04-09 02:17:46,961 - model.pytorch.dcrnn_supervisor - INFO - epoch complete
2023-04-09 02:17:46,961 - model.pytorch.dcrnn_supervisor - INFO - evaluating now!
2023-04-09 02:18:40,064 - model.pytorch.dcrnn_supervisor - INFO - Epoch [47/100] (18000) train_mae: 2.3918, val_mae: 2.8501, lr: 0.005000, 782.7s
2023-04-09 02:30:49,239 - model.pytorch.dcrnn_supervisor - INFO - epoch complete
2023-04-09 02:30:49,240 - model.pytorch.dcrnn_supervisor - INFO - evaluating now!
2023-04-09 02:31:42,272 - model.pytorch.dcrnn_supervisor - INFO - Epoch [48/100] (18375) train_mae: 2.4331, val_mae: 2.8863, lr: 0.005000, 782.2s
2023-04-09 02:43:51,825 - model.pytorch.dcrnn_supervisor - INFO - epoch complete
2023-04-09 02:43:51,825 - model.pytorch.dcrnn_supervisor - INFO - evaluating now!
2023-04-09 02:44:44,931 - model.pytorch.dcrnn_supervisor - INFO - Epoch [49/100] (18750) train_mae: 2.4622, val_mae: 2.8489, lr: 0.005000, 782.7s
2023-04-09 02:46:31,442 - model.pytorch.dcrnn_supervisor - INFO - Epoch [49/100] (18750) train_mae: 2.4622, test_mae: 3.0589,  lr: 0.005000, 782.7s
2023-04-09 02:58:41,503 - model.pytorch.dcrnn_supervisor - INFO - epoch complete
2023-04-09 02:58:41,503 - model.pytorch.dcrnn_supervisor - INFO - evaluating now!
2023-04-09 02:59:34,733 - model.pytorch.dcrnn_supervisor - INFO - Epoch [50/100] (19125) train_mae: 2.4699, val_mae: 2.8647, lr: 0.005000, 783.3s
2023-04-09 03:11:43,757 - model.pytorch.dcrnn_supervisor - INFO - epoch complete
2023-04-09 03:11:43,758 - model.pytorch.dcrnn_supervisor - INFO - evaluating now!
2023-04-09 03:12:36,698 - model.pytorch.dcrnn_supervisor - INFO - Epoch [51/100] (19500) train_mae: 2.4962, val_mae: 2.8090, lr: 0.005000, 782.0s
2023-04-09 03:12:36,708 - model.pytorch.dcrnn_supervisor - INFO - Saved model at 51
2023-04-09 03:12:36,709 - model.pytorch.dcrnn_supervisor - INFO - Val loss decrease from 2.8238 to 2.8090, saving to models/epo51.tar
2023-04-09 03:24:45,558 - model.pytorch.dcrnn_supervisor - INFO - epoch complete
2023-04-09 03:24:45,558 - model.pytorch.dcrnn_supervisor - INFO - evaluating now!
2023-04-09 03:25:38,706 - model.pytorch.dcrnn_supervisor - INFO - Epoch [52/100] (19875) train_mae: 2.5376, val_mae: 2.8911, lr: 0.005000, 782.0s
2023-04-09 03:37:48,714 - model.pytorch.dcrnn_supervisor - INFO - epoch complete
2023-04-09 03:37:48,715 - model.pytorch.dcrnn_supervisor - INFO - evaluating now!
2023-04-09 03:38:41,702 - model.pytorch.dcrnn_supervisor - INFO - Epoch [53/100] (20250) train_mae: 2.5313, val_mae: 2.8773, lr: 0.005000, 783.0s
2023-04-09 03:50:50,117 - model.pytorch.dcrnn_supervisor - INFO - epoch complete
2023-04-09 03:50:50,118 - model.pytorch.dcrnn_supervisor - INFO - evaluating now!
2023-04-09 03:51:43,122 - model.pytorch.dcrnn_supervisor - INFO - Epoch [54/100] (20625) train_mae: 2.5754, val_mae: 2.8598, lr: 0.005000, 781.4s
2023-04-09 04:03:52,182 - model.pytorch.dcrnn_supervisor - INFO - epoch complete
2023-04-09 04:03:52,182 - model.pytorch.dcrnn_supervisor - INFO - evaluating now!
2023-04-09 04:04:45,098 - model.pytorch.dcrnn_supervisor - INFO - Epoch [55/100] (21000) train_mae: 2.5754, val_mae: 2.8742, lr: 0.005000, 782.0s
2023-04-09 04:16:54,246 - model.pytorch.dcrnn_supervisor - INFO - epoch complete
2023-04-09 04:16:54,246 - model.pytorch.dcrnn_supervisor - INFO - evaluating now!
2023-04-09 04:17:47,341 - model.pytorch.dcrnn_supervisor - INFO - Epoch [56/100] (21375) train_mae: 2.5466, val_mae: 2.8642, lr: 0.005000, 782.2s
2023-04-09 04:29:56,586 - model.pytorch.dcrnn_supervisor - INFO - epoch complete
2023-04-09 04:29:56,586 - model.pytorch.dcrnn_supervisor - INFO - evaluating now!
2023-04-09 04:30:49,663 - model.pytorch.dcrnn_supervisor - INFO - Epoch [57/100] (21750) train_mae: 2.5562, val_mae: 2.8355, lr: 0.005000, 782.3s
2023-04-09 04:42:58,922 - model.pytorch.dcrnn_supervisor - INFO - epoch complete
2023-04-09 04:42:58,923 - model.pytorch.dcrnn_supervisor - INFO - evaluating now!
2023-04-09 04:43:52,008 - model.pytorch.dcrnn_supervisor - INFO - Epoch [58/100] (22125) train_mae: 2.5470, val_mae: 2.8477, lr: 0.005000, 782.3s
2023-04-09 04:56:01,741 - model.pytorch.dcrnn_supervisor - INFO - epoch complete
2023-04-09 04:56:01,742 - model.pytorch.dcrnn_supervisor - INFO - evaluating now!
2023-04-09 04:56:54,668 - model.pytorch.dcrnn_supervisor - INFO - Epoch [59/100] (22500) train_mae: 2.5437, val_mae: 2.8537, lr: 0.005000, 782.7s
2023-04-09 04:58:40,856 - model.pytorch.dcrnn_supervisor - INFO - Epoch [59/100] (22500) train_mae: 2.5437, test_mae: 3.0231,  lr: 0.005000, 782.7s
2023-04-09 05:10:49,384 - model.pytorch.dcrnn_supervisor - INFO - epoch complete
2023-04-09 05:10:49,385 - model.pytorch.dcrnn_supervisor - INFO - evaluating now!
2023-04-09 05:11:42,679 - model.pytorch.dcrnn_supervisor - INFO - Epoch [60/100] (22875) train_mae: 2.5276, val_mae: 2.9254, lr: 0.005000, 781.8s
2023-04-09 05:23:51,670 - model.pytorch.dcrnn_supervisor - INFO - epoch complete
2023-04-09 05:23:51,670 - model.pytorch.dcrnn_supervisor - INFO - evaluating now!
2023-04-09 05:24:44,976 - model.pytorch.dcrnn_supervisor - INFO - Epoch [61/100] (23250) train_mae: 2.5527, val_mae: 2.8288, lr: 0.005000, 782.3s
2023-04-09 05:36:54,511 - model.pytorch.dcrnn_supervisor - INFO - epoch complete
2023-04-09 05:36:54,512 - model.pytorch.dcrnn_supervisor - INFO - evaluating now!
2023-04-09 05:37:47,521 - model.pytorch.dcrnn_supervisor - INFO - Epoch [62/100] (23625) train_mae: 2.5415, val_mae: 2.8927, lr: 0.005000, 782.5s
2023-04-09 05:49:57,680 - model.pytorch.dcrnn_supervisor - INFO - epoch complete
2023-04-09 05:49:57,680 - model.pytorch.dcrnn_supervisor - INFO - evaluating now!
2023-04-09 05:50:50,748 - model.pytorch.dcrnn_supervisor - INFO - Epoch [63/100] (24000) train_mae: 2.5355, val_mae: 2.8619, lr: 0.000025, 783.2s
2023-04-09 06:03:00,230 - model.pytorch.dcrnn_supervisor - INFO - epoch complete
2023-04-09 06:03:00,230 - model.pytorch.dcrnn_supervisor - INFO - evaluating now!
2023-04-09 06:03:53,289 - model.pytorch.dcrnn_supervisor - INFO - Epoch [64/100] (24375) train_mae: 2.4385, val_mae: 2.8394, lr: 0.000350, 782.5s
2023-04-09 06:16:03,413 - model.pytorch.dcrnn_supervisor - INFO - epoch complete
2023-04-09 06:16:03,414 - model.pytorch.dcrnn_supervisor - INFO - evaluating now!
2023-04-09 06:16:56,584 - model.pytorch.dcrnn_supervisor - INFO - Epoch [65/100] (24750) train_mae: 2.4091, val_mae: 2.8425, lr: 0.000350, 783.3s
2023-04-09 06:29:06,481 - model.pytorch.dcrnn_supervisor - INFO - epoch complete
2023-04-09 06:29:06,482 - model.pytorch.dcrnn_supervisor - INFO - evaluating now!
2023-04-09 06:29:59,546 - model.pytorch.dcrnn_supervisor - INFO - Epoch [66/100] (25125) train_mae: 2.3968, val_mae: 2.8459, lr: 0.000350, 783.0s
2023-04-09 06:42:09,280 - model.pytorch.dcrnn_supervisor - INFO - epoch complete
2023-04-09 06:42:09,280 - model.pytorch.dcrnn_supervisor - INFO - evaluating now!
2023-04-09 06:43:02,316 - model.pytorch.dcrnn_supervisor - INFO - Epoch [67/100] (25500) train_mae: 2.3889, val_mae: 2.8480, lr: 0.000350, 782.8s
2023-04-09 06:55:12,219 - model.pytorch.dcrnn_supervisor - INFO - epoch complete
2023-04-09 06:55:12,219 - model.pytorch.dcrnn_supervisor - INFO - evaluating now!
2023-04-09 06:56:05,248 - model.pytorch.dcrnn_supervisor - INFO - Epoch [68/100] (25875) train_mae: 2.3855, val_mae: 2.8500, lr: 0.000350, 782.9s
2023-04-09 07:08:14,569 - model.pytorch.dcrnn_supervisor - INFO - epoch complete
2023-04-09 07:08:14,569 - model.pytorch.dcrnn_supervisor - INFO - evaluating now!
2023-04-09 07:09:07,668 - model.pytorch.dcrnn_supervisor - INFO - Epoch [69/100] (26250) train_mae: 2.3792, val_mae: 2.8508, lr: 0.000350, 782.4s
2023-04-09 07:10:53,878 - model.pytorch.dcrnn_supervisor - INFO - Epoch [69/100] (26250) train_mae: 2.3792, test_mae: 3.0323,  lr: 0.000350, 782.4s
2023-04-09 07:23:03,000 - model.pytorch.dcrnn_supervisor - INFO - epoch complete
2023-04-09 07:23:03,001 - model.pytorch.dcrnn_supervisor - INFO - evaluating now!
2023-04-09 07:23:56,184 - model.pytorch.dcrnn_supervisor - INFO - Epoch [70/100] (26625) train_mae: 2.3755, val_mae: 2.8512, lr: 0.000350, 782.3s
2023-04-09 07:36:05,819 - model.pytorch.dcrnn_supervisor - INFO - epoch complete
2023-04-09 07:36:05,820 - model.pytorch.dcrnn_supervisor - INFO - evaluating now!
2023-04-09 07:36:58,908 - model.pytorch.dcrnn_supervisor - INFO - Epoch [71/100] (27000) train_mae: 2.3705, val_mae: 2.8573, lr: 0.000350, 782.7s
2023-04-09 07:49:09,021 - model.pytorch.dcrnn_supervisor - INFO - epoch complete
2023-04-09 07:49:09,022 - model.pytorch.dcrnn_supervisor - INFO - evaluating now!
2023-04-09 07:50:02,048 - model.pytorch.dcrnn_supervisor - INFO - Epoch [72/100] (27375) train_mae: 2.3666, val_mae: 2.8569, lr: 0.000350, 783.1s
2023-04-09 08:02:10,856 - model.pytorch.dcrnn_supervisor - INFO - epoch complete
2023-04-09 08:02:10,856 - model.pytorch.dcrnn_supervisor - INFO - evaluating now!
2023-04-09 08:03:04,028 - model.pytorch.dcrnn_supervisor - INFO - Epoch [73/100] (27750) train_mae: 2.3631, val_mae: 2.8586, lr: 0.000002, 782.0s
2023-04-09 08:15:13,141 - model.pytorch.dcrnn_supervisor - INFO - epoch complete
2023-04-09 08:15:13,141 - model.pytorch.dcrnn_supervisor - INFO - evaluating now!
2023-04-09 08:16:06,315 - model.pytorch.dcrnn_supervisor - INFO - Epoch [74/100] (28125) train_mae: 2.3563, val_mae: 2.8557, lr: 0.000025, 782.3s
2023-04-09 08:28:15,724 - model.pytorch.dcrnn_supervisor - INFO - epoch complete
2023-04-09 08:28:15,724 - model.pytorch.dcrnn_supervisor - INFO - evaluating now!
2023-04-09 08:29:08,753 - model.pytorch.dcrnn_supervisor - INFO - Epoch [75/100] (28500) train_mae: 2.3543, val_mae: 2.8562, lr: 0.000025, 782.4s
